<?xml version="1.0" encoding="UTF-8"?>
<testng-results skipped="0" failed="0" total="2" passed="2">
  <reporter-output>
  </reporter-output>
  <suite name="Default suite" duration-ms="35256" started-at="2016-12-04T21:45:50Z" finished-at="2016-12-04T21:46:25Z">
    <groups>
    </groups>
    <test name="Default test" duration-ms="35256" started-at="2016-12-04T21:45:50Z" finished-at="2016-12-04T21:46:25Z">
      <class name="hwfrontend01.HWFrontEnd01">
        <test-method status="PASS" signature="beforeMethod()[pri:0, instance:hwfrontend01.HWFrontEnd01@482f8f11]" name="beforeMethod" is-config="true" duration-ms="8994" started-at="2016-12-04T22:45:50Z" finished-at="2016-12-04T22:45:59Z">
          <reporter-output>
          </reporter-output>
        </test-method> <!-- beforeMethod -->
        <test-method status="PASS" signature="hostelWorldTestNameSort()[pri:0, instance:hwfrontend01.HWFrontEnd01@482f8f11]" name="hostelWorldTestNameSort" duration-ms="7987" started-at="2016-12-04T22:45:59Z" finished-at="2016-12-04T22:46:07Z">
          <reporter-output>
          </reporter-output>
        </test-method> <!-- hostelWorldTestNameSort -->
        <test-method status="PASS" signature="afterMethod()[pri:0, instance:hwfrontend01.HWFrontEnd01@482f8f11]" name="afterMethod" is-config="true" duration-ms="20" started-at="2016-12-04T22:46:07Z" finished-at="2016-12-04T22:46:07Z">
          <reporter-output>
          </reporter-output>
        </test-method> <!-- afterMethod -->
        <test-method status="PASS" signature="beforeMethod()[pri:0, instance:hwfrontend01.HWFrontEnd01@482f8f11]" name="beforeMethod" is-config="true" duration-ms="10184" started-at="2016-12-04T22:46:07Z" finished-at="2016-12-04T22:46:17Z">
          <reporter-output>
          </reporter-output>
        </test-method> <!-- beforeMethod -->
        <test-method status="PASS" signature="hostelWorldTestPriceSort()[pri:0, instance:hwfrontend01.HWFrontEnd01@482f8f11]" name="hostelWorldTestPriceSort" duration-ms="8029" started-at="2016-12-04T22:46:17Z" finished-at="2016-12-04T22:46:25Z">
          <reporter-output>
          </reporter-output>
        </test-method> <!-- hostelWorldTestPriceSort -->
        <test-method status="PASS" signature="afterMethod()[pri:0, instance:hwfrontend01.HWFrontEnd01@482f8f11]" name="afterMethod" is-config="true" duration-ms="16" started-at="2016-12-04T22:46:25Z" finished-at="2016-12-04T22:46:25Z">
          <reporter-output>
          </reporter-output>
        </test-method> <!-- afterMethod -->
      </class> <!-- hwfrontend01.HWFrontEnd01 -->
    </test> <!-- Default test -->
  </suite> <!-- Default suite -->
</testng-results>
