<?xml version="1.0" encoding="UTF-8"?>
<testng-results skipped="0" failed="0" total="2" passed="2">
  <reporter-output>
  </reporter-output>
  <suite name="Default suite" duration-ms="39037" started-at="2016-12-04T19:16:58Z" finished-at="2016-12-04T19:17:37Z">
    <groups>
    </groups>
    <test name="Default test" duration-ms="39037" started-at="2016-12-04T19:16:58Z" finished-at="2016-12-04T19:17:37Z">
      <class name="hwfrontend01.HWFrontEnd01">
        <test-method status="PASS" signature="beforeMethod()[pri:0, instance:hwfrontend01.HWFrontEnd01@482f8f11]" name="beforeMethod" is-config="true" duration-ms="11389" started-at="2016-12-04T20:16:58Z" finished-at="2016-12-04T20:17:10Z">
          <reporter-output>
          </reporter-output>
        </test-method> <!-- beforeMethod -->
        <test-method status="PASS" signature="hostelWorldTestNameSort()[pri:0, instance:hwfrontend01.HWFrontEnd01@482f8f11]" name="hostelWorldTestNameSort" duration-ms="8312" started-at="2016-12-04T20:17:10Z" finished-at="2016-12-04T20:17:18Z">
          <reporter-output>
          </reporter-output>
        </test-method> <!-- hostelWorldTestNameSort -->
        <test-method status="PASS" signature="afterMethod()[pri:0, instance:hwfrontend01.HWFrontEnd01@482f8f11]" name="afterMethod" is-config="true" duration-ms="14" started-at="2016-12-04T20:17:18Z" finished-at="2016-12-04T20:17:18Z">
          <reporter-output>
          </reporter-output>
        </test-method> <!-- afterMethod -->
        <test-method status="PASS" signature="beforeMethod()[pri:0, instance:hwfrontend01.HWFrontEnd01@482f8f11]" name="beforeMethod" is-config="true" duration-ms="11310" started-at="2016-12-04T20:17:18Z" finished-at="2016-12-04T20:17:29Z">
          <reporter-output>
          </reporter-output>
        </test-method> <!-- beforeMethod -->
        <test-method status="PASS" signature="hostelWorldTestPriceSort()[pri:0, instance:hwfrontend01.HWFrontEnd01@482f8f11]" name="hostelWorldTestPriceSort" duration-ms="7979" started-at="2016-12-04T20:17:29Z" finished-at="2016-12-04T20:17:37Z">
          <reporter-output>
          </reporter-output>
        </test-method> <!-- hostelWorldTestPriceSort -->
        <test-method status="PASS" signature="afterMethod()[pri:0, instance:hwfrontend01.HWFrontEnd01@482f8f11]" name="afterMethod" is-config="true" duration-ms="13" started-at="2016-12-04T20:17:37Z" finished-at="2016-12-04T20:17:37Z">
          <reporter-output>
          </reporter-output>
        </test-method> <!-- afterMethod -->
      </class> <!-- hwfrontend01.HWFrontEnd01 -->
    </test> <!-- Default test -->
  </suite> <!-- Default suite -->
</testng-results>
